2024-06-23 16:49:57,115 - ERROR - Дискриминант отрицателен, уравнение не имеет вещественных корней. 
 Дискриминант D = -3.0
2024-06-23 16:49:57,115 - INFO - Попробуйте еще раз с другими коэффициентами.
2024-06-23 16:50:03,043 - INFO - Корни уравнения: x1=-1.0, x2=-1.0, Дискриминант D = 0.0
2024-06-23 16:50:17,991 - INFO - Корни уравнения: x1=1.8835361406929658, x2=0.1434908863340609, Дискриминант D = 41.45
<<<<<<< HEAD
2024-06-26 14:33:13,540 - INFO - Корни уравнения: x1=-1.0, x2=-1.0, Дискриминант D = 0.0
=======
2024-06-26 16:32:34,693 - INFO - Корни уравнения: x1=-1.0, x2=-1.0, Дискриминант D = 0.0
2024-06-26 16:32:47,037 - ERROR - Дискриминант отрицателен, уравнение не имеет вещественных корней. 
 Дискриминант D = -3.0
2024-06-26 16:32:47,037 - INFO - Попробуйте еще раз с другими коэффициентами.
2024-06-26 16:33:01,956 - INFO - Корни уравнения: x1=-0.10102051443364424, x2=-9.898979485566356, Дискриминант D = 96.0
>>>>>>> b912e20a1ab233c87d523a2befad5072b84c7cdb
2024-07-22 22:10:24,380 - ERROR - Дискриминант отрицателен, уравнение не имеет вещественных корней. 
 Дискриминант D = -4
2024-07-22 22:10:24,405 - INFO - Корни уравнения: x1=-1.0, x2=-1.0, Дискриминант D = 0
2024-07-22 22:10:24,405 - INFO - Корни уравнения: x1=2.0, x2=1.0, Дискриминант D = 1
2024-07-22 22:10:43,825 - ERROR - Дискриминант отрицателен, уравнение не имеет вещественных корней. 
 Дискриминант D = -4
2024-07-22 22:10:43,826 - INFO - Корни уравнения: x1=-1.0, x2=-1.0, Дискриминант D = 0
2024-07-22 22:10:43,827 - INFO - Корни уравнения: x1=2.0, x2=1.0, Дискриминант D = 1
2024-07-22 22:15:55,090 - ERROR - Дискриминант отрицателен, уравнение не имеет вещественных корней. 
 Дискриминант D = -3
2024-07-22 22:15:55,090 - INFO - Корни уравнения: x1=2.0, x2=2.0, Дискриминант D = 0
2024-07-22 22:15:55,090 - INFO - Корни уравнения: x1=3.0, x2=2.0, Дискриминант D = 1
2024-07-22 22:16:10,374 - ERROR - Дискриминант отрицателен, уравнение не имеет вещественных корней. 
 Дискриминант D = -3
2024-07-22 22:16:10,375 - INFO - Корни уравнения: x1=2.0, x2=2.0, Дискриминант D = 0
2024-07-22 22:16:10,375 - INFO - Корни уравнения: x1=3.0, x2=2.0, Дискриминант D = 1
2024-07-22 22:16:44,818 - ERROR - Дискриминант отрицателен, уравнение не имеет вещественных корней. 
 Дискриминант D = -3
2024-07-22 22:16:44,818 - INFO - Корни уравнения: x1=2.0, x2=2.0, Дискриминант D = 0
2024-07-22 22:16:44,819 - INFO - Корни уравнения: x1=3.0, x2=2.0, Дискриминант D = 1
2024-07-22 22:22:29,065 - INFO - Ошибка: Строка не должна быть пустой.
2024-07-22 22:22:29,109 - INFO - Ошибка: could not convert string to float: 'a' 
Попробуйте еще раз с корректными значениями списка.
2024-07-22 22:22:29,110 - INFO - Среднее арифметическое списка [1.0, 2.0, 3.0, 4.0, 5.0] равно 3.0
2024-07-22 22:22:29,110 - ERROR - Дискриминант отрицателен, уравнение не имеет вещественных корней. 
 Дискриминант D = -3
2024-07-22 22:22:29,111 - INFO - Корни уравнения: x1=2.0, x2=2.0, Дискриминант D = 0
2024-07-22 22:22:29,111 - INFO - Корни уравнения: x1=3.0, x2=2.0, Дискриминант D = 1
2024-07-22 22:22:29,111 - ERROR - Минимальное значение не может быть больше максимального значения.
2024-07-22 22:22:29,112 - ERROR - Границы диапазона должны быть неотрицательными
2024-07-22 22:22:29,112 - ERROR - Границы диапазона должны быть неотрицательными
2024-07-22 22:22:29,112 - INFO - Сгенерировано случайное число: 6 в диапазоне (1, 10)
2024-07-22 22:29:00,037 - INFO - Среднее арифметическое списка [10.0, 20.0, 30.0] равно 20.0
2024-07-22 22:29:00,038 - INFO - Среднее арифметическое списка [1.0, 2.0, 3.0, 4.0, 5.0] равно 3.0
2024-07-22 22:29:00,039 - ERROR - Дискриминант отрицателен, уравнение не имеет вещественных корней. 
 Дискриминант D = -3
2024-07-22 22:29:00,039 - INFO - Корни уравнения: x1=2.0, x2=2.0, Дискриминант D = 0
2024-07-22 22:29:00,039 - INFO - Корни уравнения: x1=3.0, x2=2.0, Дискриминант D = 1
2024-07-22 22:29:00,039 - ERROR - Минимальное значение не может быть больше максимального значения.
2024-07-22 22:29:00,040 - ERROR - Границы диапазона должны быть неотрицательными
2024-07-22 22:29:00,040 - ERROR - Границы диапазона должны быть неотрицательными
2024-07-22 22:29:00,040 - INFO - Сгенерировано случайное число: 1 в диапазоне (1, 10)
2024-07-22 22:30:01,298 - ERROR - Дискриминант отрицателен, уравнение не имеет вещественных корней. 
 Дискриминант D = -3
2024-07-22 22:30:01,298 - INFO - Корни уравнения: x1=2.0, x2=2.0, Дискриминант D = 0
2024-07-22 22:30:01,298 - INFO - Корни уравнения: x1=3.0, x2=2.0, Дискриминант D = 1
2024-07-22 22:30:01,299 - ERROR - Минимальное значение не может быть больше максимального значения.
2024-07-22 22:30:01,299 - ERROR - Границы диапазона должны быть неотрицательными
2024-07-22 22:30:01,299 - ERROR - Границы диапазона должны быть неотрицательными
2024-07-22 22:30:01,299 - INFO - Сгенерировано случайное число: 5 в диапазоне (1, 10)
2024-07-22 22:30:13,328 - INFO - Среднее арифметическое списка [10.0, 20.0, 30.0] равно 20.0
2024-07-22 22:30:13,329 - INFO - Среднее арифметическое списка [1.0, 2.0, 3.0, 4.0, 5.0] равно 3.0
2024-07-22 22:30:13,329 - ERROR - Дискриминант отрицателен, уравнение не имеет вещественных корней. 
 Дискриминант D = -3
2024-07-22 22:30:13,329 - INFO - Корни уравнения: x1=2.0, x2=2.0, Дискриминант D = 0
2024-07-22 22:30:13,330 - INFO - Корни уравнения: x1=3.0, x2=2.0, Дискриминант D = 1
2024-07-22 22:30:13,330 - ERROR - Минимальное значение не может быть больше максимального значения.
2024-07-22 22:30:13,330 - ERROR - Границы диапазона должны быть неотрицательными
2024-07-22 22:30:13,330 - ERROR - Границы диапазона должны быть неотрицательными
2024-07-22 22:30:13,331 - INFO - Сгенерировано случайное число: 7 в диапазоне (1, 10)
2024-07-22 22:35:50,071 - INFO - Среднее арифметическое списка [10.0, 20.0, 30.0] равно 20.0
2024-07-22 22:35:50,072 - INFO - Среднее арифметическое списка [1.0, 2.0, 3.0, 4.0, 5.0] равно 3.0
2024-07-22 22:35:50,072 - ERROR - Дискриминант отрицателен, уравнение не имеет вещественных корней. 
 Дискриминант D = -3
2024-07-22 22:35:50,073 - INFO - Корни уравнения: x1=2.0, x2=2.0, Дискриминант D = 0
2024-07-22 22:35:50,073 - INFO - Корни уравнения: x1=3.0, x2=2.0, Дискриминант D = 1
2024-07-22 22:35:50,073 - ERROR - Минимальное значение не может быть больше максимального значения.
2024-07-22 22:35:50,074 - ERROR - Границы диапазона должны быть неотрицательными
2024-07-22 22:35:50,074 - ERROR - Границы диапазона должны быть неотрицательными
2024-07-22 22:35:50,074 - INFO - Сгенерировано случайное число: 7 в диапазоне (1, 10)
2024-07-22 22:38:58,033 - INFO - Среднее арифметическое списка [10.0, 20.0, 30.0] равно 20.0
2024-07-22 22:38:58,034 - INFO - Среднее арифметическое списка [1.0, 2.0, 3.0, 4.0, 5.0] равно 3.0
2024-07-22 22:38:58,035 - ERROR - Дискриминант отрицателен, уравнение не имеет вещественных корней. 
 Дискриминант D = -3
2024-07-22 22:38:58,035 - INFO - Корни уравнения: x1=2.0, x2=2.0, Дискриминант D = 0
2024-07-22 22:38:58,035 - INFO - Корни уравнения: x1=3.0, x2=2.0, Дискриминант D = 1
2024-07-22 22:38:58,035 - ERROR - Минимальное значение не может быть больше максимального значения.
2024-07-22 22:38:58,036 - ERROR - Границы диапазона должны быть неотрицательными
2024-07-22 22:38:58,036 - ERROR - Границы диапазона должны быть неотрицательными
2024-07-22 22:38:58,036 - INFO - Сгенерировано случайное число: 8 в диапазоне (1, 10)
