2024-06-23 17:21:33,476 - INFO - —генерировано случайное число: 70 в диапазоне (0, 100)
2024-06-23 17:21:48,610 - ERROR - ћинимальное значение не может быть больше максимального значени€.
2024-06-23 17:21:48,610 - INFO - ѕопробуйте еще раз с другими значени€ми диапазона.
2024-06-23 17:22:04,421 - ERROR - √раницы диапазона должны быть неотрицательными
2024-06-23 17:22:04,421 - INFO - ѕопробуйте еще раз с другими значени€ми диапазона.
2024-06-23 17:22:22,728 - INFO - —генерировано случайное число: 9 в диапазоне (1, 10)
2024-07-22 22:19:32,503 - ERROR - ƒискриминант отрицателен, уравнение не имеет вещественных корней. 
 ƒискриминант D = -3
2024-07-22 22:19:32,503 - INFO -  орни уравнени€: x1=2.0, x2=2.0, ƒискриминант D = 0
2024-07-22 22:19:32,504 - INFO -  орни уравнени€: x1=3.0, x2=2.0, ƒискриминант D = 1
2024-07-22 22:19:32,504 - ERROR - ћинимальное значение не может быть больше максимального значени€.
2024-07-22 22:19:32,505 - ERROR - √раницы диапазона должны быть неотрицательными
2024-07-22 22:19:32,505 - ERROR - √раницы диапазона должны быть неотрицательными
2024-07-22 22:19:32,505 - INFO - —генерировано случайное число: 5 в диапазоне (1, 10)
2024-07-22 22:20:06,765 - ERROR - ƒискриминант отрицателен, уравнение не имеет вещественных корней. 
 ƒискриминант D = -3
2024-07-22 22:20:06,766 - INFO -  орни уравнени€: x1=2.0, x2=2.0, ƒискриминант D = 0
2024-07-22 22:20:06,766 - INFO -  орни уравнени€: x1=3.0, x2=2.0, ƒискриминант D = 1
2024-07-22 22:20:06,766 - ERROR - ћинимальное значение не может быть больше максимального значени€.
2024-07-22 22:20:06,766 - ERROR - √раницы диапазона должны быть неотрицательными
2024-07-22 22:20:06,767 - ERROR - √раницы диапазона должны быть неотрицательными
2024-07-22 22:20:06,767 - INFO - —генерировано случайное число: 5 в диапазоне (1, 10)
